2025-06-29 21:00:09,669 — INFO — Demand: 21, Fulfilled: 21, Inventory: 79
2025-06-29 21:00:09,669 — INFO — Demand: 19, Fulfilled: 19, Inventory: 60
2025-06-29 21:00:09,669 — INFO — Demand: 24, Fulfilled: 24, Inventory: 36
2025-06-29 21:00:09,669 — INFO — Demand: 23, Fulfilled: 23, Inventory: 13
2025-06-29 21:00:09,669 — INFO — Placing order for 87 units (Inventory: 13, Threshold: 20)
2025-06-29 21:00:09,669 — INFO — Order of 87 units will arrive in 4 days
2025-06-29 21:00:09,669 — INFO — Stockout! Demand: 18, Fulfilled: 13, Inventory: 0
2025-06-29 21:00:09,669 — INFO — Placing order for 100 units (Inventory: 0, Threshold: 20)
2025-06-29 21:00:09,669 — INFO — Order of 100 units will arrive in 3 days
2025-06-29 21:00:09,670 — INFO — Stockout! Demand: 21, Fulfilled: 0, Inventory: 0
2025-06-29 21:00:09,670 — INFO — Stockout! Demand: 16, Fulfilled: 0, Inventory: 0
2025-06-29 21:00:09,670 — INFO — Order of 87 units received. Inventory: 87
2025-06-29 21:00:09,670 — INFO — Order of 100 units received. Inventory: 187
2025-06-29 21:00:09,670 — INFO — Demand: 24, Fulfilled: 24, Inventory: 163
2025-06-29 21:00:09,670 — INFO — Demand: 22, Fulfilled: 22, Inventory: 141
2025-06-29 21:00:09,670 — INFO — Demand: 26, Fulfilled: 26, Inventory: 115
2025-06-29 21:00:09,670 — INFO — Demand: 31, Fulfilled: 31, Inventory: 84
2025-06-29 21:00:09,670 — INFO — Demand: 37, Fulfilled: 37, Inventory: 47
2025-06-29 21:00:09,670 — INFO — Demand: 43, Fulfilled: 43, Inventory: 4
2025-06-29 21:00:09,670 — INFO — Placing order for 96 units (Inventory: 4, Threshold: 20)
2025-06-29 21:00:09,670 — INFO — Order of 96 units will arrive in 1 days
2025-06-29 21:00:09,670 — INFO — Stockout! Demand: 37, Fulfilled: 4, Inventory: 0
2025-06-29 21:00:09,670 — INFO — Placing order for 100 units (Inventory: 0, Threshold: 20)
2025-06-29 21:00:09,670 — INFO — Order of 100 units will arrive in 3 days
2025-06-29 21:00:09,670 — INFO — Order of 96 units received. Inventory: 96
2025-06-29 21:00:09,670 — INFO — Demand: 40, Fulfilled: 40, Inventory: 56
2025-06-29 21:00:09,670 — INFO — Demand: 42, Fulfilled: 42, Inventory: 14
2025-06-29 21:00:09,670 — INFO — Placing order for 86 units (Inventory: 14, Threshold: 20)
2025-06-29 21:00:09,670 — INFO — Order of 86 units will arrive in 0 days
2025-06-29 21:00:09,670 — INFO — Order of 86 units received. Inventory: 100
2025-06-29 21:00:09,670 — INFO — Order of 100 units received. Inventory: 200
2025-06-29 21:00:09,671 — INFO — Demand: 39, Fulfilled: 39, Inventory: 161
2025-06-29 21:00:09,671 — INFO — Demand: 33, Fulfilled: 33, Inventory: 128
2025-06-29 21:00:09,671 — INFO — Demand: 27, Fulfilled: 27, Inventory: 101
2025-06-29 21:00:09,671 — INFO — Demand: 22, Fulfilled: 22, Inventory: 79
2025-06-29 21:00:09,671 — INFO — Demand: 23, Fulfilled: 23, Inventory: 56
2025-06-29 21:00:09,671 — INFO — Demand: 21, Fulfilled: 21, Inventory: 35
2025-06-29 21:00:09,671 — INFO — Demand: 23, Fulfilled: 23, Inventory: 12
2025-06-29 21:00:09,671 — INFO — Placing order for 88 units (Inventory: 12, Threshold: 20)
2025-06-29 21:00:09,671 — INFO — Order of 88 units will arrive in 4 days
2025-06-29 21:00:09,671 — INFO — Stockout! Demand: 14, Fulfilled: 12, Inventory: 0
2025-06-29 21:00:09,671 — INFO — Placing order for 100 units (Inventory: 0, Threshold: 20)
2025-06-29 21:00:09,671 — INFO — Order of 100 units will arrive in 1 days
2025-06-29 21:00:09,671 — INFO — Stockout! Demand: 11, Fulfilled: 0, Inventory: 0
2025-06-29 21:00:09,671 — INFO — Order of 100 units received. Inventory: 100
2025-06-29 21:00:09,671 — INFO — Demand: 14, Fulfilled: 14, Inventory: 86
2025-06-29 21:00:09,671 — INFO — Order of 88 units received. Inventory: 174
2025-06-29 21:00:09,671 — INFO — Demand: 13, Fulfilled: 13, Inventory: 161
2025-06-29 21:00:09,671 — INFO — Demand: 18, Fulfilled: 18, Inventory: 143
2025-06-29 21:00:09,671 — INFO — Demand: 20, Fulfilled: 20, Inventory: 123
2025-06-29 21:00:09,671 — INFO — Demand: 25, Fulfilled: 25, Inventory: 98
2025-06-29 21:00:09,671 — INFO — Demand: 22, Fulfilled: 22, Inventory: 76
2025-06-29 21:00:09,671 — INFO — Demand: 22, Fulfilled: 22, Inventory: 54
2025-06-29 21:00:09,671 — INFO — Demand: 27, Fulfilled: 27, Inventory: 27
2025-06-29 21:00:09,671 — INFO — Demand: 25, Fulfilled: 25, Inventory: 2
2025-06-29 21:00:09,672 — INFO — Placing order for 98 units (Inventory: 2, Threshold: 20)
2025-06-29 21:00:09,672 — INFO — Order of 98 units will arrive in 6 days
2025-06-29 21:00:09,672 — INFO — Stockout! Demand: 17, Fulfilled: 2, Inventory: 0
2025-06-29 21:00:09,672 — INFO — Placing order for 100 units (Inventory: 0, Threshold: 20)
2025-06-29 21:00:09,672 — INFO — Order of 100 units will arrive in 5 days
2025-06-29 21:00:09,672 — INFO — Stockout! Demand: 21, Fulfilled: 0, Inventory: 0
2025-06-29 21:00:09,672 — INFO — Stockout! Demand: 16, Fulfilled: 0, Inventory: 0
2025-06-29 21:00:09,672 — INFO — Stockout! Demand: 19, Fulfilled: 0, Inventory: 0
2025-06-29 21:00:09,672 — INFO — Stockout! Demand: 15, Fulfilled: 0, Inventory: 0
2025-06-29 21:00:09,672 — INFO — Order of 98 units received. Inventory: 98
2025-06-29 21:00:09,672 — INFO — Order of 100 units received. Inventory: 198
2025-06-29 21:00:09,672 — INFO — Demand: 11, Fulfilled: 11, Inventory: 187
2025-06-29 21:00:09,672 — INFO — Demand: 6, Fulfilled: 6, Inventory: 181
2025-06-29 21:00:09,672 — INFO — Demand: 12, Fulfilled: 12, Inventory: 169
2025-06-29 21:00:09,672 — INFO — Demand: 14, Fulfilled: 14, Inventory: 155
2025-06-29 21:00:09,672 — INFO — Demand: 11, Fulfilled: 11, Inventory: 144
2025-06-29 21:00:09,672 — INFO — Demand: 14, Fulfilled: 14, Inventory: 130
2025-06-29 21:00:09,672 — INFO — Demand: 19, Fulfilled: 19, Inventory: 111
2025-06-29 21:00:09,672 — INFO — Demand: 23, Fulfilled: 23, Inventory: 88
2025-06-29 21:00:09,672 — INFO — Demand: 21, Fulfilled: 21, Inventory: 67
2025-06-29 21:00:09,672 — INFO — Demand: 15, Fulfilled: 15, Inventory: 52
2025-06-29 21:00:09,672 — INFO — Demand: 18, Fulfilled: 18, Inventory: 34
2025-06-29 21:00:09,672 — INFO — Demand: 18, Fulfilled: 18, Inventory: 16
2025-06-29 21:00:09,672 — INFO — Placing order for 84 units (Inventory: 16, Threshold: 20)
2025-06-29 21:00:09,672 — INFO — Order of 84 units will arrive in 3 days
2025-06-29 21:00:09,673 — INFO — Stockout! Demand: 18, Fulfilled: 16, Inventory: 0
2025-06-29 21:00:09,673 — INFO — Placing order for 100 units (Inventory: 0, Threshold: 20)
2025-06-29 21:00:09,673 — INFO — Order of 100 units will arrive in 3 days
2025-06-29 21:00:09,673 — INFO — Stockout! Demand: 19, Fulfilled: 0, Inventory: 0
2025-06-29 21:00:09,673 — INFO — Order of 84 units received. Inventory: 84
2025-06-29 21:00:09,673 — INFO — Demand: 16, Fulfilled: 16, Inventory: 68
2025-06-29 21:00:09,673 — INFO — Order of 100 units received. Inventory: 168
2025-06-29 21:00:09,673 — INFO — Demand: 16, Fulfilled: 16, Inventory: 152
2025-06-29 21:00:09,673 — INFO — Demand: 13, Fulfilled: 13, Inventory: 139
2025-06-29 21:00:09,673 — INFO — Demand: 12, Fulfilled: 12, Inventory: 127
2025-06-29 21:00:09,673 — INFO — Demand: 11, Fulfilled: 11, Inventory: 116
2025-06-29 21:00:09,673 — INFO — Demand: 5, Fulfilled: 5, Inventory: 111
2025-06-29 21:00:09,673 — INFO — Demand: 3, Fulfilled: 3, Inventory: 108
2025-06-29 21:00:09,673 — INFO — Demand: 4, Fulfilled: 4, Inventory: 104
2025-06-29 21:00:09,673 — INFO — Demand: 14, Fulfilled: 14, Inventory: 90
2025-06-29 21:00:09,673 — INFO — Demand: 14, Fulfilled: 14, Inventory: 76
2025-06-29 21:00:09,673 — INFO — Demand: 18, Fulfilled: 18, Inventory: 58
2025-06-29 21:00:09,673 — INFO — Demand: 14, Fulfilled: 14, Inventory: 44
2025-06-29 21:00:09,673 — INFO — Demand: 14, Fulfilled: 14, Inventory: 30
2025-06-29 21:00:09,673 — INFO — Demand: 20, Fulfilled: 20, Inventory: 10
2025-06-29 21:00:09,673 — INFO — Placing order for 90 units (Inventory: 10, Threshold: 20)
2025-06-29 21:00:09,674 — INFO — Order of 90 units will arrive in 5 days
2025-06-29 21:00:09,674 — INFO — Stockout! Demand: 19, Fulfilled: 10, Inventory: 0
2025-06-29 21:00:09,674 — INFO — Placing order for 100 units (Inventory: 0, Threshold: 20)
2025-06-29 21:00:09,674 — INFO — Order of 100 units will arrive in 4 days
2025-06-29 21:00:09,674 — INFO — Stockout! Demand: 23, Fulfilled: 0, Inventory: 0
2025-06-29 21:00:09,674 — INFO — Stockout! Demand: 19, Fulfilled: 0, Inventory: 0
2025-06-29 21:00:09,674 — INFO — Stockout! Demand: 18, Fulfilled: 0, Inventory: 0
2025-06-29 21:00:09,674 — INFO — Order of 90 units received. Inventory: 90
2025-06-29 21:00:09,674 — INFO — Order of 100 units received. Inventory: 190
2025-06-29 21:00:09,674 — INFO — Demand: 16, Fulfilled: 16, Inventory: 174
2025-06-29 21:00:09,674 — INFO — Demand: 17, Fulfilled: 17, Inventory: 157
2025-06-29 21:00:09,674 — INFO — Demand: 20, Fulfilled: 20, Inventory: 137
2025-06-29 21:00:09,674 — INFO — Demand: 20, Fulfilled: 20, Inventory: 117
2025-06-29 21:00:09,674 — INFO — Demand: 19, Fulfilled: 19, Inventory: 98
2025-06-29 21:00:09,674 — INFO — Demand: 12, Fulfilled: 12, Inventory: 86
2025-06-29 21:00:09,674 — INFO — Demand: 13, Fulfilled: 13, Inventory: 73
2025-06-29 21:00:09,675 — INFO — Demand: 16, Fulfilled: 16, Inventory: 57
2025-06-29 21:00:09,675 — INFO — Demand: 13, Fulfilled: 13, Inventory: 44
2025-06-29 21:00:09,675 — INFO — Demand: 16, Fulfilled: 16, Inventory: 28
2025-06-29 21:00:09,675 — INFO — Demand: 9, Fulfilled: 9, Inventory: 19
2025-06-29 21:00:09,675 — INFO — Placing order for 81 units (Inventory: 19, Threshold: 20)
2025-06-29 21:00:09,675 — INFO — Order of 81 units will arrive in 2 days
2025-06-29 21:00:09,675 — INFO — Demand: 11, Fulfilled: 11, Inventory: 8
2025-06-29 21:00:09,675 — INFO — Placing order for 92 units (Inventory: 8, Threshold: 20)
2025-06-29 21:00:09,675 — INFO — Order of 92 units will arrive in 2 days
2025-06-29 21:00:09,676 — INFO — Order of 81 units received. Inventory: 89
2025-06-29 21:00:09,676 — INFO — Demand: 9, Fulfilled: 9, Inventory: 80
2025-06-29 21:00:09,676 — INFO — Order of 92 units received. Inventory: 172
2025-06-29 21:00:09,676 — INFO — Demand: 13, Fulfilled: 13, Inventory: 159
2025-06-29 21:00:09,676 — INFO — Demand: 12, Fulfilled: 12, Inventory: 147
2025-06-29 21:00:09,676 — INFO — Demand: 17, Fulfilled: 17, Inventory: 130
2025-06-29 21:00:09,676 — INFO — Demand: 19, Fulfilled: 19, Inventory: 111
2025-06-29 21:00:09,676 — INFO — Demand: 18, Fulfilled: 18, Inventory: 93
2025-06-29 21:00:09,676 — INFO — Demand: 21, Fulfilled: 21, Inventory: 72
2025-06-29 21:00:09,676 — INFO — Demand: 14, Fulfilled: 14, Inventory: 58
2025-06-29 21:00:09,676 — INFO — Demand: 12, Fulfilled: 12, Inventory: 46
2025-06-29 21:00:09,676 — INFO — Demand: 15, Fulfilled: 15, Inventory: 31
2025-06-29 21:00:09,676 — INFO — Demand: 11, Fulfilled: 11, Inventory: 20
2025-06-29 21:00:09,676 — INFO — Demand: 7, Fulfilled: 7, Inventory: 13
2025-06-29 21:00:09,676 — INFO — Placing order for 87 units (Inventory: 13, Threshold: 20)
2025-06-29 21:00:09,676 — INFO — Order of 87 units will arrive in 5 days
2025-06-29 21:00:09,676 — INFO — Demand: 6, Fulfilled: 6, Inventory: 7
2025-06-29 21:00:09,677 — INFO — Placing order for 93 units (Inventory: 7, Threshold: 20)
2025-06-29 21:00:09,677 — INFO — Order of 93 units will arrive in 3 days
2025-06-29 21:00:09,677 — INFO — Stockout! Demand: 8, Fulfilled: 7, Inventory: 0
2025-06-29 21:00:09,677 — INFO — Stockout! Demand: 18, Fulfilled: 0, Inventory: 0
2025-06-29 21:00:09,677 — INFO — Order of 93 units received. Inventory: 93
2025-06-29 21:00:09,677 — INFO — Demand: 22, Fulfilled: 22, Inventory: 71
2025-06-29 21:00:09,677 — INFO — Order of 87 units received. Inventory: 158
2025-06-29 21:00:09,677 — INFO — Demand: 16, Fulfilled: 16, Inventory: 142
2025-06-29 21:00:09,677 — INFO — Demand: 13, Fulfilled: 13, Inventory: 129
2025-06-29 21:00:09,677 — INFO — Demand: 16, Fulfilled: 16, Inventory: 113
2025-06-29 21:00:09,677 — INFO — Demand: 18, Fulfilled: 18, Inventory: 95
2025-06-29 21:00:09,677 — INFO — Demand: 18, Fulfilled: 18, Inventory: 77
2025-06-29 21:00:09,677 — INFO — Demand: 18, Fulfilled: 18, Inventory: 59
2025-06-29 21:00:09,677 — INFO — Demand: 20, Fulfilled: 20, Inventory: 39
2025-06-29 21:00:09,677 — INFO — Demand: 24, Fulfilled: 24, Inventory: 15
2025-06-29 21:00:09,677 — INFO — Placing order for 85 units (Inventory: 15, Threshold: 20)
2025-06-29 21:00:09,677 — INFO — Order of 85 units will arrive in 2 days
2025-06-29 21:00:09,677 — INFO — Stockout! Demand: 23, Fulfilled: 15, Inventory: 0
2025-06-29 21:00:09,677 — INFO — Placing order for 100 units (Inventory: 0, Threshold: 20)
2025-06-29 21:00:09,677 — INFO — Order of 100 units will arrive in 2 days
2025-06-29 21:00:09,677 — INFO — Order of 85 units received. Inventory: 85
2025-06-29 21:00:09,677 — INFO — Demand: 28, Fulfilled: 28, Inventory: 57
2025-06-29 21:00:09,677 — INFO — Order of 100 units received. Inventory: 157
2025-06-29 21:00:09,677 — INFO — Demand: 32, Fulfilled: 32, Inventory: 125
2025-06-29 21:00:09,677 — INFO — Demand: 27, Fulfilled: 27, Inventory: 98
2025-06-29 21:00:09,677 — INFO — Demand: 29, Fulfilled: 29, Inventory: 69
2025-06-29 21:00:09,678 — INFO — Demand: 25, Fulfilled: 25, Inventory: 44
2025-06-29 21:00:09,678 — INFO — Demand: 22, Fulfilled: 22, Inventory: 22
2025-06-29 21:00:09,678 — INFO — Stockout! Demand: 25, Fulfilled: 22, Inventory: 0
2025-06-29 21:00:09,678 — INFO — Placing order for 100 units (Inventory: 0, Threshold: 20)
2025-06-29 21:00:09,678 — INFO — Order of 100 units will arrive in 3 days
2025-06-29 21:00:09,678 — INFO — Stockout! Demand: 26, Fulfilled: 0, Inventory: 0
2025-06-29 21:00:09,678 — INFO — Placing order for 100 units (Inventory: 0, Threshold: 20)
2025-06-29 21:00:09,678 — INFO — Order of 100 units will arrive in 1 days
2025-06-29 21:00:09,678 — INFO — Stockout! Demand: 14, Fulfilled: 0, Inventory: 0
2025-06-29 21:00:09,678 — INFO — Order of 100 units received. Inventory: 100
2025-06-29 21:00:09,678 — INFO — Order of 100 units received. Inventory: 200
2025-06-29 21:00:09,678 — INFO — Demand: 15, Fulfilled: 15, Inventory: 185
2025-06-29 21:00:09,678 — INFO — Demand: 19, Fulfilled: 19, Inventory: 166
2025-06-29 21:00:09,678 — INFO — Demand: 11, Fulfilled: 11, Inventory: 155
2025-06-29 21:00:09,678 — INFO — Demand: 17, Fulfilled: 17, Inventory: 138
2025-06-29 21:00:09,678 — INFO — Demand: 19, Fulfilled: 19, Inventory: 119
2025-06-29 21:00:09,678 — INFO — Demand: 24, Fulfilled: 24, Inventory: 95
2025-06-29 21:00:09,678 — INFO — Demand: 18, Fulfilled: 18, Inventory: 77
2025-06-29 21:00:09,678 — INFO — Demand: 21, Fulfilled: 21, Inventory: 56
2025-06-29 21:00:09,678 — INFO — Demand: 22, Fulfilled: 22, Inventory: 34
2025-06-29 21:00:09,678 — INFO — Demand: 20, Fulfilled: 20, Inventory: 14
2025-06-29 21:00:09,678 — INFO — Placing order for 86 units (Inventory: 14, Threshold: 20)
2025-06-29 21:00:09,678 — INFO — Order of 86 units will arrive in 8 days
2025-06-29 21:00:09,679 — INFO — Demand: 14, Fulfilled: 14, Inventory: 0
2025-06-29 21:00:09,679 — INFO — Placing order for 100 units (Inventory: 0, Threshold: 20)
2025-06-29 21:00:09,679 — INFO — Order of 100 units will arrive in 3 days
2025-06-29 21:00:09,679 — INFO — Stockout! Demand: 16, Fulfilled: 0, Inventory: 0
2025-06-29 21:00:09,679 — INFO — Stockout! Demand: 22, Fulfilled: 0, Inventory: 0
2025-06-29 21:00:09,679 — INFO — Order of 100 units received. Inventory: 100
2025-06-29 21:00:09,679 — INFO — Demand: 21, Fulfilled: 21, Inventory: 79
2025-06-29 21:00:09,679 — INFO — Demand: 22, Fulfilled: 22, Inventory: 57
2025-06-29 21:00:09,679 — INFO — Demand: 13, Fulfilled: 13, Inventory: 44
2025-06-29 21:00:09,679 — INFO — Demand: 17, Fulfilled: 17, Inventory: 27
2025-06-29 21:00:09,679 — INFO — Order of 86 units received. Inventory: 113
2025-06-29 21:00:09,679 — INFO — Demand: 15, Fulfilled: 15, Inventory: 98
2025-06-29 21:00:09,679 — INFO — Demand: 15, Fulfilled: 15, Inventory: 83
2025-06-29 21:00:09,679 — INFO — Demand: 12, Fulfilled: 12, Inventory: 71
2025-06-29 21:00:09,679 — INFO — Demand: 21, Fulfilled: 21, Inventory: 50
2025-06-29 21:00:09,679 — INFO — Demand: 18, Fulfilled: 18, Inventory: 32
2025-06-29 21:00:09,679 — INFO — Demand: 17, Fulfilled: 17, Inventory: 15
2025-06-29 21:00:09,679 — INFO — Placing order for 85 units (Inventory: 15, Threshold: 20)
2025-06-29 21:00:09,679 — INFO — Order of 85 units will arrive in 21 days
2025-06-29 21:00:09,679 — INFO — Stockout! Demand: 20, Fulfilled: 15, Inventory: 0
2025-06-29 21:00:09,679 — INFO — Placing order for 100 units (Inventory: 0, Threshold: 20)
2025-06-29 21:00:09,679 — INFO — Order of 100 units will arrive in 5 days
2025-06-29 21:00:09,679 — INFO — Stockout! Demand: 19, Fulfilled: 0, Inventory: 0
2025-06-29 21:00:09,679 — INFO — Stockout! Demand: 17, Fulfilled: 0, Inventory: 0
2025-06-29 21:00:09,680 — INFO — Stockout! Demand: 20, Fulfilled: 0, Inventory: 0
2025-06-29 21:00:09,680 — INFO — Stockout! Demand: 14, Fulfilled: 0, Inventory: 0
2025-06-29 21:00:09,680 — INFO — Order of 100 units received. Inventory: 100
2025-06-29 21:00:09,680 — INFO — Demand: 17, Fulfilled: 17, Inventory: 83
2025-06-29 21:00:09,680 — INFO — Demand: 26, Fulfilled: 26, Inventory: 57
2025-06-29 21:00:09,680 — INFO — Demand: 26, Fulfilled: 26, Inventory: 31
2025-06-29 21:00:09,680 — INFO — Demand: 21, Fulfilled: 21, Inventory: 10
2025-06-29 21:00:09,680 — INFO — Placing order for 90 units (Inventory: 10, Threshold: 20)
2025-06-29 21:00:09,680 — INFO — Order of 90 units will arrive in 4 days
2025-06-29 21:00:09,680 — INFO — Stockout! Demand: 19, Fulfilled: 10, Inventory: 0
2025-06-29 21:00:09,680 — INFO — Stockout! Demand: 12, Fulfilled: 0, Inventory: 0
2025-06-29 21:00:09,680 — INFO — Stockout! Demand: 14, Fulfilled: 0, Inventory: 0
2025-06-29 21:00:09,680 — INFO — Order of 90 units received. Inventory: 90
2025-06-29 21:00:09,680 — INFO — Demand: 23, Fulfilled: 23, Inventory: 67
2025-06-29 21:00:09,680 — INFO — Demand: 18, Fulfilled: 18, Inventory: 49
2025-06-29 21:00:09,680 — INFO — Demand: 19, Fulfilled: 19, Inventory: 30
2025-06-29 21:00:09,680 — INFO — Demand: 18, Fulfilled: 18, Inventory: 12
2025-06-29 21:00:09,680 — INFO — Placing order for 88 units (Inventory: 12, Threshold: 20)
2025-06-29 21:00:09,680 — INFO — Order of 88 units will arrive in 2 days
2025-06-29 21:00:09,680 — INFO — Stockout! Demand: 32, Fulfilled: 12, Inventory: 0
2025-06-29 21:00:09,680 — INFO — Order of 88 units received. Inventory: 88
2025-06-29 21:00:09,680 — INFO — Demand: 37, Fulfilled: 37, Inventory: 51
2025-06-29 21:00:09,680 — INFO — Demand: 37, Fulfilled: 37, Inventory: 14
2025-06-29 21:00:09,680 — INFO — Placing order for 86 units (Inventory: 14, Threshold: 20)
2025-06-29 21:00:09,680 — INFO — Order of 86 units will arrive in 6 days
2025-06-29 21:00:09,680 — INFO — Stockout! Demand: 39, Fulfilled: 14, Inventory: 0
2025-06-29 21:00:09,681 — INFO — Order of 85 units received. Inventory: 85
2025-06-29 21:00:09,681 — INFO — Demand: 35, Fulfilled: 35, Inventory: 50
2025-06-29 21:00:09,681 — INFO — Demand: 27, Fulfilled: 27, Inventory: 23
2025-06-29 21:00:09,681 — INFO — Stockout! Demand: 29, Fulfilled: 23, Inventory: 0
2025-06-29 21:00:09,681 — INFO — Placing order for 100 units (Inventory: 0, Threshold: 20)
2025-06-29 21:00:09,681 — INFO — Order of 100 units will arrive in 4 days
2025-06-29 21:00:09,681 — INFO — Stockout! Demand: 28, Fulfilled: 0, Inventory: 0
2025-06-29 21:00:09,681 — INFO — Order of 86 units received. Inventory: 86
2025-06-29 21:00:09,681 — INFO — Demand: 22, Fulfilled: 22, Inventory: 64
2025-06-29 21:00:09,681 — INFO — Demand: 19, Fulfilled: 19, Inventory: 45
2025-06-29 21:00:09,681 — INFO — Order of 100 units received. Inventory: 145
2025-06-29 21:00:09,681 — INFO — Demand: 20, Fulfilled: 20, Inventory: 125
2025-06-29 21:00:09,681 — INFO — Demand: 14, Fulfilled: 14, Inventory: 111
2025-06-29 21:00:09,681 — INFO — Demand: 17, Fulfilled: 17, Inventory: 94
2025-06-29 21:00:09,681 — INFO — Demand: 16, Fulfilled: 16, Inventory: 78
2025-06-29 21:00:09,681 — INFO — Demand: 16, Fulfilled: 16, Inventory: 62
2025-06-29 21:00:09,681 — INFO — Demand: 11, Fulfilled: 11, Inventory: 51
2025-06-29 21:00:09,681 — INFO — Demand: 15, Fulfilled: 15, Inventory: 36
2025-06-29 21:00:09,681 — INFO — Demand: 12, Fulfilled: 12, Inventory: 24
2025-06-29 21:00:09,681 — INFO — Demand: 11, Fulfilled: 11, Inventory: 13
2025-06-29 21:00:09,682 — INFO — Placing order for 87 units (Inventory: 13, Threshold: 20)
2025-06-29 21:00:09,682 — INFO — Order of 87 units will arrive in 2 days
2025-06-29 21:00:09,682 — INFO — Stockout! Demand: 14, Fulfilled: 13, Inventory: 0
2025-06-29 21:00:09,682 — INFO — Placing order for 100 units (Inventory: 0, Threshold: 20)
2025-06-29 21:00:09,682 — INFO — Order of 100 units will arrive in 2 days
2025-06-29 21:00:09,682 — INFO — Order of 87 units received. Inventory: 87
2025-06-29 21:00:09,682 — INFO — Demand: 13, Fulfilled: 13, Inventory: 74
2025-06-29 21:00:09,682 — INFO — Order of 100 units received. Inventory: 174
2025-06-29 21:00:09,682 — INFO — Demand: 14, Fulfilled: 14, Inventory: 160
2025-06-29 21:00:09,682 — INFO — Demand: 12, Fulfilled: 12, Inventory: 148
2025-06-29 21:00:09,682 — INFO — Demand: 13, Fulfilled: 13, Inventory: 135
2025-06-29 21:00:09,682 — INFO — Demand: 14, Fulfilled: 14, Inventory: 121
2025-06-29 21:00:09,682 — INFO — Demand: 16, Fulfilled: 16, Inventory: 105
2025-06-29 21:00:09,682 — INFO — Demand: 15, Fulfilled: 15, Inventory: 90
2025-06-29 21:00:09,682 — INFO — Demand: 11, Fulfilled: 11, Inventory: 79
2025-06-29 21:00:09,682 — INFO — Demand: 8, Fulfilled: 8, Inventory: 71
2025-06-29 21:00:09,682 — INFO — Demand: 7, Fulfilled: 7, Inventory: 64
2025-06-29 21:00:09,682 — INFO — Demand: 12, Fulfilled: 12, Inventory: 52
2025-06-29 21:00:09,682 — INFO — Demand: 24, Fulfilled: 24, Inventory: 28
2025-06-29 21:00:09,682 — INFO — Demand: 21, Fulfilled: 21, Inventory: 7
2025-06-29 21:00:09,682 — INFO — Placing order for 93 units (Inventory: 7, Threshold: 20)
2025-06-29 21:00:09,682 — INFO — Order of 93 units will arrive in 6 days
2025-06-29 21:00:09,682 — INFO — Stockout! Demand: 26, Fulfilled: 7, Inventory: 0
2025-06-29 21:00:09,682 — INFO — Placing order for 100 units (Inventory: 0, Threshold: 20)
2025-06-29 21:00:09,682 — INFO — Order of 100 units will arrive in 9 days
2025-06-29 21:00:09,682 — INFO — Stockout! Demand: 29, Fulfilled: 0, Inventory: 0
2025-06-29 21:00:09,682 — INFO — Stockout! Demand: 19, Fulfilled: 0, Inventory: 0
2025-06-29 21:00:09,682 — INFO — Stockout! Demand: 20, Fulfilled: 0, Inventory: 0
2025-06-29 21:00:09,682 — INFO — Stockout! Demand: 26, Fulfilled: 0, Inventory: 0
2025-06-29 21:00:09,683 — INFO — Order of 93 units received. Inventory: 93
2025-06-29 21:00:09,683 — INFO — Demand: 19, Fulfilled: 19, Inventory: 74
2025-06-29 21:00:09,683 — INFO — Demand: 21, Fulfilled: 21, Inventory: 53
2025-06-29 21:00:09,683 — INFO — Demand: 17, Fulfilled: 17, Inventory: 36
2025-06-29 21:00:09,683 — INFO — Demand: 23, Fulfilled: 23, Inventory: 13
2025-06-29 21:00:09,683 — INFO — Placing order for 87 units (Inventory: 13, Threshold: 20)
2025-06-29 21:00:09,683 — INFO — Order of 87 units will arrive in 2 days
2025-06-29 21:00:09,683 — INFO — Order of 100 units received. Inventory: 113
2025-06-29 21:00:09,683 — INFO — Demand: 24, Fulfilled: 24, Inventory: 89
2025-06-29 21:00:09,683 — INFO — Order of 87 units received. Inventory: 176
2025-06-29 21:00:09,683 — INFO — Demand: 27, Fulfilled: 27, Inventory: 149
2025-06-29 21:00:09,683 — INFO — Demand: 32, Fulfilled: 32, Inventory: 117
2025-06-29 21:00:09,683 — INFO — Demand: 33, Fulfilled: 33, Inventory: 84
2025-06-29 21:00:09,683 — INFO — Demand: 30, Fulfilled: 30, Inventory: 54
2025-06-29 21:00:09,683 — INFO — Demand: 28, Fulfilled: 28, Inventory: 26
2025-06-29 21:00:09,683 — INFO — Stockout! Demand: 32, Fulfilled: 26, Inventory: 0
2025-06-29 21:00:09,683 — INFO — Placing order for 100 units (Inventory: 0, Threshold: 20)
2025-06-29 21:00:09,683 — INFO — Order of 100 units will arrive in 2 days
2025-06-29 21:00:09,683 — INFO — Stockout! Demand: 32, Fulfilled: 0, Inventory: 0
2025-06-29 21:00:09,683 — INFO — Placing order for 100 units (Inventory: 0, Threshold: 20)
2025-06-29 21:00:09,684 — INFO — Order of 100 units will arrive in 7 days
2025-06-29 21:00:09,684 — INFO — Order of 100 units received. Inventory: 100
2025-06-29 21:00:09,684 — INFO — Demand: 21, Fulfilled: 21, Inventory: 79
2025-06-29 21:00:09,684 — INFO — Demand: 21, Fulfilled: 21, Inventory: 58
2025-06-29 21:00:09,684 — INFO — Demand: 19, Fulfilled: 19, Inventory: 39
2025-06-29 21:00:09,684 — INFO — Demand: 8, Fulfilled: 8, Inventory: 31
2025-06-29 21:00:09,685 — INFO — Demand: 14, Fulfilled: 14, Inventory: 17
2025-06-29 21:00:09,685 — INFO — Placing order for 83 units (Inventory: 17, Threshold: 20)
2025-06-29 21:00:09,685 — INFO — Order of 83 units will arrive in 3 days
2025-06-29 21:00:09,685 — INFO — Demand: 15, Fulfilled: 15, Inventory: 2
2025-06-29 21:00:09,685 — INFO — Order of 100 units received. Inventory: 102
2025-06-29 21:00:09,685 — INFO — Demand: 15, Fulfilled: 15, Inventory: 87
2025-06-29 21:00:09,685 — INFO — Order of 83 units received. Inventory: 170
2025-06-29 21:00:09,685 — INFO — Demand: 19, Fulfilled: 19, Inventory: 151
2025-06-29 21:00:09,685 — INFO — Demand: 9, Fulfilled: 9, Inventory: 142
2025-06-29 21:00:09,685 — INFO — Demand: 2, Fulfilled: 2, Inventory: 140
2025-06-29 21:00:09,685 — INFO — Demand: 8, Fulfilled: 8, Inventory: 132
2025-06-29 21:00:09,685 — INFO — Demand: 10, Fulfilled: 10, Inventory: 122
2025-06-29 21:00:09,685 — INFO — Demand: 16, Fulfilled: 16, Inventory: 106
2025-06-29 21:00:09,685 — INFO — Demand: 16, Fulfilled: 16, Inventory: 90
2025-06-29 21:00:09,685 — INFO — Demand: 13, Fulfilled: 13, Inventory: 77
2025-06-29 21:00:09,685 — INFO — Demand: 16, Fulfilled: 16, Inventory: 61
2025-06-29 21:00:09,685 — INFO — Demand: 18, Fulfilled: 18, Inventory: 43
2025-06-29 21:00:09,685 — INFO — Demand: 19, Fulfilled: 19, Inventory: 24
2025-06-29 21:00:09,685 — INFO — Demand: 22, Fulfilled: 22, Inventory: 2
2025-06-29 21:00:09,685 — INFO — Placing order for 98 units (Inventory: 2, Threshold: 20)
2025-06-29 21:00:09,685 — INFO — Order of 98 units will arrive in 2 days
2025-06-29 21:00:09,685 — INFO — Stockout! Demand: 24, Fulfilled: 2, Inventory: 0
2025-06-29 21:00:09,685 — INFO — Placing order for 100 units (Inventory: 0, Threshold: 20)
2025-06-29 21:00:09,685 — INFO — Order of 100 units will arrive in 3 days
2025-06-29 21:00:09,686 — INFO — Order of 98 units received. Inventory: 98
2025-06-29 21:00:09,686 — INFO — Demand: 21, Fulfilled: 21, Inventory: 77
2025-06-29 21:00:09,686 — INFO — Demand: 18, Fulfilled: 18, Inventory: 59
2025-06-29 21:00:09,686 — INFO — Order of 100 units received. Inventory: 159
2025-06-29 21:00:09,686 — INFO — Demand: 19, Fulfilled: 19, Inventory: 140
2025-06-29 21:00:09,686 — INFO — Demand: 16, Fulfilled: 16, Inventory: 124
2025-06-29 21:00:09,686 — INFO — Demand: 16, Fulfilled: 16, Inventory: 108
2025-06-29 21:00:09,686 — INFO — Demand: 24, Fulfilled: 24, Inventory: 84
2025-06-29 21:00:09,686 — INFO — Demand: 22, Fulfilled: 22, Inventory: 62
2025-06-29 21:00:09,686 — INFO — Demand: 19, Fulfilled: 19, Inventory: 43
2025-06-29 21:00:09,686 — INFO — Demand: 20, Fulfilled: 20, Inventory: 23
2025-06-29 21:00:09,686 — INFO — Demand: 22, Fulfilled: 22, Inventory: 1
2025-06-29 21:00:09,686 — INFO — Placing order for 99 units (Inventory: 1, Threshold: 20)
2025-06-29 21:00:09,686 — INFO — Order of 99 units will arrive in 3 days
2025-06-29 21:00:09,686 — INFO — Stockout! Demand: 27, Fulfilled: 1, Inventory: 0
2025-06-29 21:00:09,686 — INFO — Placing order for 100 units (Inventory: 0, Threshold: 20)
2025-06-29 21:00:09,686 — INFO — Order of 100 units will arrive in 4 days
2025-06-29 21:00:09,686 — INFO — Stockout! Demand: 32, Fulfilled: 0, Inventory: 0
2025-06-29 21:00:09,686 — INFO — Order of 99 units received. Inventory: 99
2025-06-29 21:00:09,686 — INFO — Demand: 29, Fulfilled: 29, Inventory: 70
2025-06-29 21:00:09,686 — INFO — Demand: 33, Fulfilled: 33, Inventory: 37
2025-06-29 21:00:09,686 — INFO — Order of 100 units received. Inventory: 137
2025-06-29 21:00:09,686 — INFO — Demand: 34, Fulfilled: 34, Inventory: 103
2025-06-29 21:00:09,686 — INFO — Demand: 23, Fulfilled: 23, Inventory: 80
2025-06-29 21:00:09,686 — INFO — Demand: 23, Fulfilled: 23, Inventory: 57
2025-06-29 21:00:09,686 — INFO — Demand: 27, Fulfilled: 27, Inventory: 30
2025-06-29 21:00:09,686 — INFO — Demand: 28, Fulfilled: 28, Inventory: 2
2025-06-29 21:00:09,686 — INFO — Placing order for 98 units (Inventory: 2, Threshold: 20)
2025-06-29 21:00:09,686 — INFO — Order of 98 units will arrive in 3 days
2025-06-29 21:00:09,686 — INFO — Stockout! Demand: 27, Fulfilled: 2, Inventory: 0
2025-06-29 21:00:09,687 — INFO — Placing order for 100 units (Inventory: 0, Threshold: 20)
2025-06-29 21:00:09,687 — INFO — Order of 100 units will arrive in 2 days
2025-06-29 21:00:09,687 — INFO — Stockout! Demand: 23, Fulfilled: 0, Inventory: 0
2025-06-29 21:00:09,687 — INFO — Order of 98 units received. Inventory: 98
2025-06-29 21:00:09,687 — INFO — Order of 100 units received. Inventory: 198
2025-06-29 21:00:09,687 — INFO — Demand: 25, Fulfilled: 25, Inventory: 173
2025-06-29 21:00:09,687 — INFO — Demand: 21, Fulfilled: 21, Inventory: 152
2025-06-29 21:00:09,687 — INFO — Demand: 22, Fulfilled: 22, Inventory: 130
2025-06-29 21:00:09,687 — INFO — Demand: 23, Fulfilled: 23, Inventory: 107
2025-06-29 21:00:09,687 — INFO — Demand: 16, Fulfilled: 16, Inventory: 91
2025-06-29 21:00:09,687 — INFO — Demand: 19, Fulfilled: 19, Inventory: 72
2025-06-29 21:00:09,687 — INFO — Demand: 24, Fulfilled: 24, Inventory: 48
2025-06-29 21:00:09,687 — INFO — Demand: 22, Fulfilled: 22, Inventory: 26
2025-06-29 21:00:09,687 — INFO — Stockout! Demand: 33, Fulfilled: 26, Inventory: 0
2025-06-29 21:00:09,687 — INFO — Placing order for 100 units (Inventory: 0, Threshold: 20)
2025-06-29 21:00:09,687 — INFO — Order of 100 units will arrive in 2 days
2025-06-29 21:00:09,687 — INFO — Stockout! Demand: 27, Fulfilled: 0, Inventory: 0
2025-06-29 21:00:09,687 — INFO — Placing order for 100 units (Inventory: 0, Threshold: 20)
2025-06-29 21:00:09,687 — INFO — Order of 100 units will arrive in 1 days
2025-06-29 21:00:09,687 — INFO — Order of 100 units received. Inventory: 100
2025-06-29 21:00:09,687 — INFO — Demand: 30, Fulfilled: 30, Inventory: 70
2025-06-29 21:00:09,687 — INFO — Order of 100 units received. Inventory: 170
2025-06-29 21:00:09,687 — INFO — Demand: 26, Fulfilled: 26, Inventory: 144
2025-06-29 21:00:09,687 — INFO — Demand: 29, Fulfilled: 29, Inventory: 115
2025-06-29 21:00:09,687 — INFO — Demand: 33, Fulfilled: 33, Inventory: 82
2025-06-29 21:00:09,687 — INFO — Demand: 30, Fulfilled: 30, Inventory: 52
2025-06-29 21:00:09,687 — INFO — Demand: 22, Fulfilled: 22, Inventory: 30
2025-06-29 21:00:09,687 — INFO — Demand: 20, Fulfilled: 20, Inventory: 10
2025-06-29 21:00:09,687 — INFO — Placing order for 90 units (Inventory: 10, Threshold: 20)
2025-06-29 21:00:09,687 — INFO — Order of 90 units will arrive in 3 days
2025-06-29 21:00:09,687 — INFO — Stockout! Demand: 25, Fulfilled: 10, Inventory: 0
2025-06-29 21:00:09,688 — INFO — Placing order for 100 units (Inventory: 0, Threshold: 20)
2025-06-29 21:00:09,688 — INFO — Order of 100 units will arrive in 6 days
2025-06-29 21:00:09,688 — INFO — Stockout! Demand: 26, Fulfilled: 0, Inventory: 0
2025-06-29 21:00:09,688 — INFO — Order of 90 units received. Inventory: 90
2025-06-29 21:00:09,688 — INFO — Demand: 24, Fulfilled: 24, Inventory: 66
2025-06-29 21:00:09,688 — INFO — Demand: 27, Fulfilled: 27, Inventory: 39
2025-06-29 21:00:09,688 — INFO — Demand: 27, Fulfilled: 27, Inventory: 12
2025-06-29 21:00:09,688 — INFO — Placing order for 88 units (Inventory: 12, Threshold: 20)
2025-06-29 21:00:09,688 — INFO — Order of 88 units will arrive in 2 days
2025-06-29 21:00:09,688 — INFO — Stockout! Demand: 26, Fulfilled: 12, Inventory: 0
2025-06-29 21:00:09,688 — INFO — Order of 100 units received. Inventory: 100
2025-06-29 21:00:09,688 — INFO — Order of 88 units received. Inventory: 188
2025-06-29 21:00:09,688 — INFO — Demand: 23, Fulfilled: 23, Inventory: 165
2025-06-29 21:00:09,688 — INFO — Demand: 31, Fulfilled: 31, Inventory: 134
2025-06-29 21:00:09,688 — INFO — Demand: 25, Fulfilled: 25, Inventory: 109
2025-06-29 21:00:09,688 — INFO — Demand: 29, Fulfilled: 29, Inventory: 80
2025-06-29 21:00:09,688 — INFO — Demand: 27, Fulfilled: 27, Inventory: 53
2025-06-29 21:00:09,688 — INFO — Demand: 24, Fulfilled: 24, Inventory: 29
2025-06-29 21:00:09,688 — INFO — Demand: 24, Fulfilled: 24, Inventory: 5
2025-06-29 21:00:09,688 — INFO — Placing order for 95 units (Inventory: 5, Threshold: 20)
2025-06-29 21:00:09,688 — INFO — Order of 95 units will arrive in 3 days
2025-06-29 21:00:09,688 — INFO — Stockout! Demand: 20, Fulfilled: 5, Inventory: 0
2025-06-29 21:00:09,688 — INFO — Placing order for 100 units (Inventory: 0, Threshold: 20)
2025-06-29 21:00:09,688 — INFO — Order of 100 units will arrive in 7 days
2025-06-29 21:00:09,688 — INFO — Stockout! Demand: 25, Fulfilled: 0, Inventory: 0
2025-06-29 21:00:09,688 — INFO — Order of 95 units received. Inventory: 95
2025-06-29 21:00:09,688 — INFO — Demand: 26, Fulfilled: 26, Inventory: 69
2025-06-29 21:00:09,688 — INFO — Demand: 29, Fulfilled: 29, Inventory: 40
2025-06-29 21:00:09,688 — INFO — Demand: 26, Fulfilled: 26, Inventory: 14
2025-06-29 21:00:09,688 — INFO — Placing order for 86 units (Inventory: 14, Threshold: 20)
2025-06-29 21:00:09,688 — INFO — Order of 86 units will arrive in 5 days
2025-06-29 21:00:09,688 — INFO — Stockout! Demand: 26, Fulfilled: 14, Inventory: 0
2025-06-29 21:00:09,689 — INFO — Stockout! Demand: 20, Fulfilled: 0, Inventory: 0
2025-06-29 21:00:09,689 — INFO — Order of 100 units received. Inventory: 100
2025-06-29 21:00:09,689 — INFO — Demand: 20, Fulfilled: 20, Inventory: 80
2025-06-29 21:00:09,689 — INFO — Demand: 20, Fulfilled: 20, Inventory: 60
2025-06-29 21:00:09,689 — INFO — Order of 86 units received. Inventory: 146
2025-06-29 21:00:09,689 — INFO — Demand: 25, Fulfilled: 25, Inventory: 121
2025-06-29 21:00:09,689 — INFO — Demand: 27, Fulfilled: 27, Inventory: 94
2025-06-29 21:00:09,689 — INFO — Demand: 16, Fulfilled: 16, Inventory: 78
2025-06-29 21:00:09,689 — INFO — Demand: 17, Fulfilled: 17, Inventory: 61
2025-06-29 21:00:09,689 — INFO — Demand: 23, Fulfilled: 23, Inventory: 38
2025-06-29 21:00:09,689 — INFO — Demand: 15, Fulfilled: 15, Inventory: 23
2025-06-29 21:00:09,689 — INFO — Demand: 7, Fulfilled: 7, Inventory: 16
2025-06-29 21:00:09,689 — INFO — Placing order for 84 units (Inventory: 16, Threshold: 20)
2025-06-29 21:00:09,689 — INFO — Order of 84 units will arrive in 4 days
2025-06-29 21:00:09,689 — INFO — Demand: 10, Fulfilled: 10, Inventory: 6
2025-06-29 21:00:09,689 — INFO — Placing order for 94 units (Inventory: 6, Threshold: 20)
2025-06-29 21:00:09,689 — INFO — Order of 94 units will arrive in 2 days
2025-06-29 21:00:09,689 — INFO — Stockout! Demand: 10, Fulfilled: 6, Inventory: 0
2025-06-29 21:00:09,689 — INFO — Order of 94 units received. Inventory: 94
2025-06-29 21:00:09,689 — INFO — Demand: 12, Fulfilled: 12, Inventory: 82
2025-06-29 21:00:09,689 — INFO — Order of 84 units received. Inventory: 166
2025-06-29 21:00:09,690 — INFO — Demand: 14, Fulfilled: 14, Inventory: 152
2025-06-29 21:00:09,690 — INFO — Demand: 16, Fulfilled: 16, Inventory: 136
2025-06-29 21:00:09,690 — INFO — Demand: 16, Fulfilled: 16, Inventory: 120
2025-06-29 21:00:09,690 — INFO — Demand: 10, Fulfilled: 10, Inventory: 110
2025-06-29 21:00:09,690 — INFO — Demand: 13, Fulfilled: 13, Inventory: 97
2025-06-29 21:00:09,690 — INFO — Demand: 20, Fulfilled: 20, Inventory: 77
2025-06-29 21:00:09,690 — INFO — Demand: 23, Fulfilled: 23, Inventory: 54
2025-06-29 21:00:09,690 — INFO — Demand: 29, Fulfilled: 29, Inventory: 25
2025-06-29 21:00:09,690 — INFO — Stockout! Demand: 34, Fulfilled: 25, Inventory: 0
2025-06-29 21:00:09,690 — INFO — Placing order for 100 units (Inventory: 0, Threshold: 20)
2025-06-29 21:00:09,690 — INFO — Order of 100 units will arrive in 6 days
2025-06-29 21:00:09,690 — INFO — Stockout! Demand: 25, Fulfilled: 0, Inventory: 0
2025-06-29 21:00:09,690 — INFO — Placing order for 100 units (Inventory: 0, Threshold: 20)
2025-06-29 21:00:09,690 — INFO — Order of 100 units will arrive in 2 days
2025-06-29 21:00:09,690 — INFO — Stockout! Demand: 29, Fulfilled: 0, Inventory: 0
2025-06-29 21:00:09,690 — INFO — Order of 100 units received. Inventory: 100
2025-06-29 21:00:09,690 — INFO — Demand: 32, Fulfilled: 32, Inventory: 68
2025-06-29 21:00:09,690 — INFO — Demand: 30, Fulfilled: 30, Inventory: 38
2025-06-29 21:00:09,690 — INFO — Demand: 31, Fulfilled: 31, Inventory: 7
2025-06-29 21:00:09,690 — INFO — Placing order for 93 units (Inventory: 7, Threshold: 20)
2025-06-29 21:00:09,690 — INFO — Order of 93 units will arrive in 6 days
2025-06-29 21:00:09,690 — INFO — Order of 100 units received. Inventory: 107
2025-06-29 21:00:09,690 — INFO — Demand: 30, Fulfilled: 30, Inventory: 77
2025-06-29 21:00:09,691 — INFO — Demand: 21, Fulfilled: 21, Inventory: 56
2025-06-29 21:00:09,691 — INFO — Demand: 17, Fulfilled: 17, Inventory: 39
2025-06-29 21:00:09,691 — INFO — Demand: 25, Fulfilled: 25, Inventory: 14
2025-06-29 21:00:09,691 — INFO — Placing order for 86 units (Inventory: 14, Threshold: 20)
2025-06-29 21:00:09,691 — INFO — Order of 86 units will arrive in 2 days
2025-06-29 21:00:09,691 — INFO — Stockout! Demand: 23, Fulfilled: 14, Inventory: 0
2025-06-29 21:00:09,691 — INFO — Order of 93 units received. Inventory: 93
2025-06-29 21:00:09,691 — INFO — Order of 86 units received. Inventory: 179
2025-06-29 21:00:09,691 — INFO — Demand: 29, Fulfilled: 29, Inventory: 150
2025-06-29 21:00:09,691 — INFO — Demand: 30, Fulfilled: 30, Inventory: 120
2025-06-29 21:00:09,691 — INFO — Demand: 20, Fulfilled: 20, Inventory: 100
2025-06-29 21:00:09,691 — INFO — Demand: 25, Fulfilled: 25, Inventory: 75
2025-06-29 21:00:09,691 — INFO — Demand: 22, Fulfilled: 22, Inventory: 53
2025-06-29 21:00:09,691 — INFO — Demand: 16, Fulfilled: 16, Inventory: 37
2025-06-29 21:00:09,691 — INFO — Demand: 19, Fulfilled: 19, Inventory: 18
2025-06-29 21:00:09,691 — INFO — Placing order for 82 units (Inventory: 18, Threshold: 20)
2025-06-29 21:00:09,691 — INFO — Order of 82 units will arrive in 3 days
2025-06-29 21:00:09,691 — INFO — Stockout! Demand: 26, Fulfilled: 18, Inventory: 0
2025-06-29 21:00:09,691 — INFO — Placing order for 100 units (Inventory: 0, Threshold: 20)
2025-06-29 21:00:09,691 — INFO — Order of 100 units will arrive in 5 days
2025-06-29 21:00:09,691 — INFO — Stockout! Demand: 20, Fulfilled: 0, Inventory: 0
2025-06-29 21:00:09,691 — INFO — Order of 82 units received. Inventory: 82
2025-06-29 21:00:09,691 — INFO — Demand: 18, Fulfilled: 18, Inventory: 64
2025-06-29 21:00:09,691 — INFO — Demand: 14, Fulfilled: 14, Inventory: 50
2025-06-29 21:00:09,691 — INFO — Demand: 13, Fulfilled: 13, Inventory: 37
2025-06-29 21:00:09,691 — INFO — Order of 100 units received. Inventory: 137
2025-06-29 21:00:09,691 — INFO — Demand: 16, Fulfilled: 16, Inventory: 121
2025-06-29 21:00:09,691 — INFO — Demand: 13, Fulfilled: 13, Inventory: 108
2025-06-29 21:00:09,691 — INFO — Demand: 14, Fulfilled: 14, Inventory: 94
2025-06-29 21:00:09,691 — INFO — Demand: 16, Fulfilled: 16, Inventory: 78
2025-06-29 21:00:09,691 — INFO — Demand: 13, Fulfilled: 13, Inventory: 65
2025-06-29 21:00:09,691 — INFO — Demand: 19, Fulfilled: 19, Inventory: 46
2025-06-29 21:00:09,691 — INFO — Demand: 19, Fulfilled: 19, Inventory: 27
2025-06-29 21:00:09,692 — INFO — Demand: 12, Fulfilled: 12, Inventory: 15
2025-06-29 21:00:09,692 — INFO — Placing order for 85 units (Inventory: 15, Threshold: 20)
2025-06-29 21:00:09,692 — INFO — Order of 85 units will arrive in 5 days
2025-06-29 21:00:09,692 — INFO — Demand: 15, Fulfilled: 15, Inventory: 0
2025-06-29 21:00:09,692 — INFO — Placing order for 100 units (Inventory: 0, Threshold: 20)
2025-06-29 21:00:09,692 — INFO — Order of 100 units will arrive in 2 days
2025-06-29 21:00:09,692 — INFO — Stockout! Demand: 18, Fulfilled: 0, Inventory: 0
2025-06-29 21:00:09,692 — INFO — Order of 100 units received. Inventory: 100
2025-06-29 21:00:09,692 — INFO — Demand: 23, Fulfilled: 23, Inventory: 77
2025-06-29 21:00:09,692 — INFO — Demand: 29, Fulfilled: 29, Inventory: 48
2025-06-29 21:00:09,692 — INFO — Order of 85 units received. Inventory: 133
2025-06-29 21:00:09,692 — INFO — Demand: 36, Fulfilled: 36, Inventory: 97
2025-06-29 21:00:09,692 — INFO — Demand: 34, Fulfilled: 34, Inventory: 63
2025-06-29 21:00:09,692 — INFO — Demand: 30, Fulfilled: 30, Inventory: 33
2025-06-29 21:00:09,692 — INFO — Demand: 30, Fulfilled: 30, Inventory: 3
2025-06-29 21:00:09,692 — INFO — Placing order for 97 units (Inventory: 3, Threshold: 20)
2025-06-29 21:00:09,692 — INFO — Order of 97 units will arrive in 2 days
2025-06-29 21:00:09,692 — INFO — Stockout! Demand: 22, Fulfilled: 3, Inventory: 0
2025-06-29 21:00:09,692 — INFO — Placing order for 100 units (Inventory: 0, Threshold: 20)
2025-06-29 21:00:09,692 — INFO — Order of 100 units will arrive in 1 days
2025-06-29 21:00:09,692 — INFO — Order of 97 units received. Inventory: 97
2025-06-29 21:00:09,692 — INFO — Demand: 19, Fulfilled: 19, Inventory: 78
2025-06-29 21:00:09,692 — INFO — Order of 100 units received. Inventory: 178
2025-06-29 21:00:09,692 — INFO — Demand: 29, Fulfilled: 29, Inventory: 149
2025-06-29 21:00:09,692 — INFO — Demand: 30, Fulfilled: 30, Inventory: 119
2025-06-29 21:00:09,692 — INFO — Demand: 31, Fulfilled: 31, Inventory: 88
2025-06-29 21:00:09,692 — INFO — Demand: 33, Fulfilled: 33, Inventory: 55
2025-06-29 21:00:09,692 — INFO — Demand: 39, Fulfilled: 39, Inventory: 16
2025-06-29 21:00:09,692 — INFO — Placing order for 84 units (Inventory: 16, Threshold: 20)
2025-06-29 21:00:09,692 — INFO — Order of 84 units will arrive in 4 days
2025-06-29 21:00:09,692 — INFO — Stockout! Demand: 34, Fulfilled: 16, Inventory: 0
2025-06-29 21:00:09,692 — INFO — Placing order for 100 units (Inventory: 0, Threshold: 20)
2025-06-29 21:00:09,692 — INFO — Order of 100 units will arrive in 5 days
2025-06-29 21:00:09,692 — INFO — Stockout! Demand: 27, Fulfilled: 0, Inventory: 0
2025-06-29 21:00:09,692 — INFO — Stockout! Demand: 25, Fulfilled: 0, Inventory: 0
2025-06-29 21:00:09,693 — INFO — Order of 84 units received. Inventory: 84
2025-06-29 21:00:09,693 — INFO — Demand: 27, Fulfilled: 27, Inventory: 57
2025-06-29 21:00:09,693 — INFO — Demand: 22, Fulfilled: 22, Inventory: 35
2025-06-29 21:00:09,693 — INFO — Order of 100 units received. Inventory: 135
2025-06-29 21:00:09,693 — INFO — Demand: 27, Fulfilled: 27, Inventory: 108
2025-06-29 21:00:09,693 — INFO — Demand: 24, Fulfilled: 24, Inventory: 84
2025-06-29 21:00:09,693 — INFO — Demand: 21, Fulfilled: 21, Inventory: 63
2025-06-29 21:00:09,693 — INFO — Demand: 18, Fulfilled: 18, Inventory: 45
2025-06-29 21:00:09,693 — INFO — Demand: 14, Fulfilled: 14, Inventory: 31
2025-06-29 21:00:09,693 — INFO — Demand: 20, Fulfilled: 20, Inventory: 11
2025-06-29 21:00:09,693 — INFO — Placing order for 89 units (Inventory: 11, Threshold: 20)
2025-06-29 21:00:09,693 — INFO — Order of 89 units will arrive in 2 days
2025-06-29 21:00:09,693 — INFO — Stockout! Demand: 25, Fulfilled: 11, Inventory: 0
2025-06-29 21:00:09,693 — INFO — Placing order for 100 units (Inventory: 0, Threshold: 20)
2025-06-29 21:00:09,693 — INFO — Order of 100 units will arrive in 3 days
2025-06-29 21:00:09,693 — INFO — Order of 89 units received. Inventory: 89
2025-06-29 21:00:09,693 — INFO — Demand: 26, Fulfilled: 26, Inventory: 63
2025-06-29 21:00:09,693 — INFO — Demand: 24, Fulfilled: 24, Inventory: 39
